<?xml version="1.0" encoding="UTF-8"?>
<!-- Generated by org.testng.reporters.JUnitReportReporter -->
<testsuite hostname="Chandramaulis-MacBook-Air.local" failures="0" tests="2" name="TestCase" time="11.971" errors="1" timestamp="2023-03-07T15:00:32 CET" skipped="1">
  <testcase classname="TestCase" name="initialSetUp" time="11.971">
    <error message="unknown error: Chrome failed to start: was killed.
  (chrome not reachable)
  (The process started from chrome location /Applications/Google Chrome.app/Contents/MacOS/Google Chrome is no longer running, so ChromeDriver is assuming that Chrome has crashed.)
Build info: version: &#039;3.141.59&#039;, revision: &#039;e82be7d358&#039;, time: &#039;2018-11-14T08:17:03&#039;
System info: host: &#039;Chandramaulis-MacBook-Air.local&#039;, ip: &#039;fe80:0:0:0:1437:fdd4:613d:36eb%en0&#039;, os.name: &#039;Mac OS X&#039;, os.arch: &#039;x86_64&#039;, os.version: &#039;13.1&#039;, java.version: &#039;17.0.2&#039;
Driver info: driver.version: ChromeDriver
remote stacktrace: 0   chromedriver                        0x0000000102eab138 chromedriver + 4923704
1   chromedriver                        0x0000000102e239d3 chromedriver + 4368851
2   chromedriver                        0x0000000102a6c787 chromedriver + 472967
3   chromedriver                        0x0000000102a99467 chromedriver + 656487
4   chromedriver                        0x0000000102a95041 chromedriver + 639041
5   chromedriver                        0x0000000102ae38a5 chromedriver + 960677
6   chromedriver                        0x0000000102ad9d23 chromedriver + 920867
7   chromedriver                        0x0000000102aa0a4b chromedriver + 686667
8   chromedriver                        0x0000000102aa2044 chromedriver + 692292
9   chromedriver                        0x0000000102e768fe chromedriver + 4708606
10  chromedriver                        0x0000000102e7be22 chromedriver + 4730402
11  chromedriver                        0x0000000102e846bf chromedriver + 4765375
12  chromedriver                        0x0000000102e7ce80 chromedriver + 4734592
13  chromedriver                        0x0000000102e4d975 chromedriver + 4540789
14  chromedriver                        0x0000000102e9ee78 chromedriver + 4873848
15  chromedriver                        0x0000000102e9eff5 chromedriver + 4874229
16  chromedriver                        0x0000000102eb36de chromedriver + 4957918
17  libsystem_pthread.dylib             0x00007ff812121259 _pthread_start + 125
18  libsystem_pthread.dylib             0x00007ff81211cc7b thread_start + 15
" type="org.openqa.selenium.WebDriverException">
      <![CDATA[org.openqa.selenium.WebDriverException: unknown error: Chrome failed to start: was killed.
  (chrome not reachable)
  (The process started from chrome location /Applications/Google Chrome.app/Contents/MacOS/Google Chrome is no longer running, so ChromeDriver is assuming that Chrome has crashed.)
Build info: version: '3.141.59', revision: 'e82be7d358', time: '2018-11-14T08:17:03'
System info: host: 'Chandramaulis-MacBook-Air.local', ip: 'fe80:0:0:0:1437:fdd4:613d:36eb%en0', os.name: 'Mac OS X', os.arch: 'x86_64', os.version: '13.1', java.version: '17.0.2'
Driver info: driver.version: ChromeDriver
remote stacktrace: 0   chromedriver                        0x0000000102eab138 chromedriver + 4923704
1   chromedriver                        0x0000000102e239d3 chromedriver + 4368851
2   chromedriver                        0x0000000102a6c787 chromedriver + 472967
3   chromedriver                        0x0000000102a99467 chromedriver + 656487
4   chromedriver                        0x0000000102a95041 chromedriver + 639041
5   chromedriver                        0x0000000102ae38a5 chromedriver + 960677
6   chromedriver                        0x0000000102ad9d23 chromedriver + 920867
7   chromedriver                        0x0000000102aa0a4b chromedriver + 686667
8   chromedriver                        0x0000000102aa2044 chromedriver + 692292
9   chromedriver                        0x0000000102e768fe chromedriver + 4708606
10  chromedriver                        0x0000000102e7be22 chromedriver + 4730402
11  chromedriver                        0x0000000102e846bf chromedriver + 4765375
12  chromedriver                        0x0000000102e7ce80 chromedriver + 4734592
13  chromedriver                        0x0000000102e4d975 chromedriver + 4540789
14  chromedriver                        0x0000000102e9ee78 chromedriver + 4873848
15  chromedriver                        0x0000000102e9eff5 chromedriver + 4874229
16  chromedriver                        0x0000000102eb36de chromedriver + 4957918
17  libsystem_pthread.dylib             0x00007ff812121259 _pthread_start + 125
18  libsystem_pthread.dylib             0x00007ff81211cc7b thread_start + 15

at java.base/jdk.internal.reflect.NativeConstructorAccessorImpl.newInstance0(Native Method)
at java.base/jdk.internal.reflect.NativeConstructorAccessorImpl.newInstance(NativeConstructorAccessorImpl.java:77)
at java.base/jdk.internal.reflect.DelegatingConstructorAccessorImpl.newInstance(DelegatingConstructorAccessorImpl.java:45)
at java.base/java.lang.reflect.Constructor.newInstanceWithCaller(Constructor.java:499)
at java.base/java.lang.reflect.Constructor.newInstance(Constructor.java:480)
at org.openqa.selenium.remote.W3CHandshakeResponse.lambda$errorHandler$0(W3CHandshakeResponse.java:62)
at org.openqa.selenium.remote.HandshakeResponse.lambda$getResponseFunction$0(HandshakeResponse.java:30)
at org.openqa.selenium.remote.ProtocolHandshake.lambda$createSession$0(ProtocolHandshake.java:126)
at java.base/java.util.stream.ReferencePipeline$3$1.accept(ReferencePipeline.java:197)
at java.base/java.util.Spliterators$ArraySpliterator.tryAdvance(Spliterators.java:1002)
at java.base/java.util.stream.ReferencePipeline.forEachWithCancel(ReferencePipeline.java:129)
at java.base/java.util.stream.AbstractPipeline.copyIntoWithCancel(AbstractPipeline.java:527)
at java.base/java.util.stream.AbstractPipeline.copyInto(AbstractPipeline.java:513)
at java.base/java.util.stream.AbstractPipeline.wrapAndCopyInto(AbstractPipeline.java:499)
at java.base/java.util.stream.FindOps$FindOp.evaluateSequential(FindOps.java:150)
at java.base/java.util.stream.AbstractPipeline.evaluate(AbstractPipeline.java:234)
at java.base/java.util.stream.ReferencePipeline.findFirst(ReferencePipeline.java:647)
at org.openqa.selenium.remote.ProtocolHandshake.createSession(ProtocolHandshake.java:128)
at org.openqa.selenium.remote.ProtocolHandshake.createSession(ProtocolHandshake.java:74)
at org.openqa.selenium.remote.HttpCommandExecutor.execute(HttpCommandExecutor.java:136)
at org.openqa.selenium.remote.service.DriverCommandExecutor.execute(DriverCommandExecutor.java:83)
at org.openqa.selenium.remote.RemoteWebDriver.execute(RemoteWebDriver.java:552)
at org.openqa.selenium.remote.RemoteWebDriver.startSession(RemoteWebDriver.java:213)
at org.openqa.selenium.remote.RemoteWebDriver.<init>(RemoteWebDriver.java:131)
at org.openqa.selenium.chrome.ChromeDriver.<init>(ChromeDriver.java:181)
at org.openqa.selenium.chrome.ChromeDriver.<init>(ChromeDriver.java:168)
at org.openqa.selenium.chrome.ChromeDriver.<init>(ChromeDriver.java:123)
at Utils.Base.initialSetUp(Base.java:34)
at java.base/jdk.internal.reflect.NativeMethodAccessorImpl.invoke0(Native Method)
at java.base/jdk.internal.reflect.NativeMethodAccessorImpl.invoke(NativeMethodAccessorImpl.java:77)
at java.base/jdk.internal.reflect.DelegatingMethodAccessorImpl.invoke(DelegatingMethodAccessorImpl.java:43)
at java.base/java.lang.reflect.Method.invoke(Method.java:568)
at org.testng.internal.MethodInvocationHelper.invokeMethod(MethodInvocationHelper.java:133)
at org.testng.internal.MethodInvocationHelper.invokeMethodConsideringTimeout(MethodInvocationHelper.java:62)
at org.testng.internal.ConfigInvoker.invokeConfigurationMethod(ConfigInvoker.java:385)
at org.testng.internal.ConfigInvoker.invokeConfigurations(ConfigInvoker.java:321)
at org.testng.SuiteRunner.privateRun(SuiteRunner.java:317)
at org.testng.SuiteRunner.run(SuiteRunner.java:276)
at org.testng.SuiteRunnerWorker.runSuite(SuiteRunnerWorker.java:53)
at org.testng.SuiteRunnerWorker.run(SuiteRunnerWorker.java:96)
at org.testng.TestNG.runSuitesSequentially(TestNG.java:1212)
at org.testng.TestNG.runSuitesLocally(TestNG.java:1134)
at org.testng.TestNG.runSuites(TestNG.java:1063)
at org.testng.TestNG.run(TestNG.java:1031)
at org.testng.remote.AbstractRemoteTestNG.run(AbstractRemoteTestNG.java:115)
at org.testng.remote.RemoteTestNG.initAndRun(RemoteTestNG.java:251)
at org.testng.remote.RemoteTestNG.main(RemoteTestNG.java:77)
]]>
    </error>
  </testcase> <!-- initialSetUp -->
  <system-out/>
  <testcase classname="TestCase" name="launch" time="0.000">
    <skipped/>
  </testcase> <!-- launch -->
  <system-out/>
</testsuite> <!-- TestCase -->
